# JRE version: OpenJDK Runtime Environment (8.0_171-b11) (build 1.8.0_171-8u171-b11-0ubuntu0.17.10.1-b11)
# Java VM: OpenJDK 64-Bit Server VM (25.171-b11 mixed mode linux-amd64 compressed oops)
Heap:
 PSYoungGen      total 264704K, used 0K [0x00000000eab00000, 0x00000000ffd00000, 0x0000000100000000)
  eden space 253952K, 0% used [0x00000000eab00000,0x00000000eab00000,0x00000000fa300000)
  from space 10752K, 0% used [0x00000000fa300000,0x00000000fa300000,0x00000000fad80000)
  to   space 46080K, 0% used [0x00000000fd000000,0x00000000fd000000,0x00000000ffd00000)
 ParOldGen       total 182784K, used 80520K [0x00000000c0000000, 0x00000000cb280000, 0x00000000eab00000)
  object space 182784K, 44% used [0x00000000c0000000,0x00000000c4ea2150,0x00000000cb280000)
 Metaspace       used 52761K, capacity 54254K, committed 59008K, reserved 1099776K
  class space    used 6696K, capacity 7037K, committed 7808K, reserved 1048576K
GC Heap History (10 events):
Event: 1528.613 GC heap after
Heap after GC invocations=17 (full 2):
 PSYoungGen      total 299008K, used 15040K [0x00000000eab00000, 0x00000000fff80000, 0x0000000100000000)
  eden space 249856K, 0% used [0x00000000eab00000,0x00000000eab00000,0x00000000f9f00000)
  from space 49152K, 30% used [0x00000000f9f00000,0x00000000fadb0000,0x00000000fcf00000)
  to   space 48640K, 0% used [0x00000000fd000000,0x00000000fd000000,0x00000000fff80000)
 ParOldGen       total 182784K, used 84071K [0x00000000c0000000, 0x00000000cb280000, 0x00000000eab00000)
  object space 182784K, 45% used [0x00000000c0000000,0x00000000c5219d88,0x00000000cb280000)
 Metaspace       used 54227K, capacity 56338K, committed 56576K, reserved 1097728K
  class space    used 6932K, capacity 7385K, committed 7424K, reserved 1048576K
}
Event: 1529.281 GC heap before
{Heap before GC invocations=18 (full 2):
 PSYoungGen      total 299008K, used 264896K [0x00000000eab00000, 0x00000000fff80000, 0x0000000100000000)
  eden space 249856K, 100% used [0x00000000eab00000,0x00000000f9f00000,0x00000000f9f00000)
  from space 49152K, 30% used [0x00000000f9f00000,0x00000000fadb0000,0x00000000fcf00000)
  to   space 48640K, 0% used [0x00000000fd000000,0x00000000fd000000,0x00000000fff80000)
 ParOldGen       total 182784K, used 84071K [0x00000000c0000000, 0x00000000cb280000, 0x00000000eab00000)
  object space 182784K, 45% used [0x00000000c0000000,0x00000000c5219d88,0x00000000cb280000)
 Metaspace       used 55241K, capacity 57334K, committed 57472K, reserved 1099776K
  class space    used 7052K, capacity 7525K, committed 7552K, reserved 1048576K
Event: 1529.297 GC heap after
Heap after GC invocations=18 (full 2):
 PSYoungGen      total 297984K, used 12238K [0x00000000eab00000, 0x00000000ffd80000, 0x0000000100000000)
  eden space 251392K, 0% used [0x00000000eab00000,0x00000000eab00000,0x00000000fa080000)
  from space 46592K, 26% used [0x00000000fd000000,0x00000000fdbf3968,0x00000000ffd80000)
  to   space 47616K, 0% used [0x00000000fa080000,0x00000000fa080000,0x00000000fcf00000)
 ParOldGen       total 182784K, used 91795K [0x00000000c0000000, 0x00000000cb280000, 0x00000000eab00000)
  object space 182784K, 50% used [0x00000000c0000000,0x00000000c59a4ec8,0x00000000cb280000)
 Metaspace       used 55241K, capacity 57334K, committed 57472K, reserved 1099776K
  class space    used 7052K, capacity 7525K, committed 7552K, reserved 1048576K
}
Event: 1529.641 GC heap before
{Heap before GC invocations=19 (full 2):
 PSYoungGen      total 297984K, used 263630K [0x00000000eab00000, 0x00000000ffd80000, 0x0000000100000000)
  eden space 251392K, 100% used [0x00000000eab00000,0x00000000fa080000,0x00000000fa080000)
  from space 46592K, 26% used [0x00000000fd000000,0x00000000fdbf3968,0x00000000ffd80000)
  to   space 47616K, 0% used [0x00000000fa080000,0x00000000fa080000,0x00000000fcf00000)
 ParOldGen       total 182784K, used 91795K [0x00000000c0000000, 0x00000000cb280000, 0x00000000eab00000)
  object space 182784K, 50% used [0x00000000c0000000,0x00000000c59a4ec8,0x00000000cb280000)
 Metaspace       used 55248K, capacity 57334K, committed 57472K, reserved 1099776K
  class space    used 7052K, capacity 7525K, committed 7552K, reserved 1048576K
Event: 1529.658 GC heap after
Heap after GC invocations=19 (full 2):
 PSYoungGen      total 299008K, used 6432K [0x00000000eab00000, 0x0000000100000000, 0x0000000100000000)
  eden space 251392K, 0% used [0x00000000eab00000,0x00000000eab00000,0x00000000fa080000)
  from space 47616K, 13% used [0x00000000fa080000,0x00000000fa6c8000,0x00000000fcf00000)
  to   space 47616K, 0% used [0x00000000fd180000,0x00000000fd180000,0x0000000100000000)
 ParOldGen       total 182784K, used 98588K [0x00000000c0000000, 0x00000000cb280000, 0x00000000eab00000)
  object space 182784K, 53% used [0x00000000c0000000,0x00000000c60471a8,0x00000000cb280000)
 Metaspace       used 55248K, capacity 57334K, committed 57472K, reserved 1099776K
  class space    used 7052K, capacity 7525K, committed 7552K, reserved 1048576K
}
Event: 1530.018 GC heap before
{Heap before GC invocations=20 (full 2):
 PSYoungGen      total 299008K, used 257824K [0x00000000eab00000, 0x0000000100000000, 0x0000000100000000)
  eden space 251392K, 100% used [0x00000000eab00000,0x00000000fa080000,0x00000000fa080000)
  from space 47616K, 13% used [0x00000000fa080000,0x00000000fa6c8000,0x00000000fcf00000)
  to   space 47616K, 0% used [0x00000000fd180000,0x00000000fd180000,0x0000000100000000)
 ParOldGen       total 182784K, used 98588K [0x00000000c0000000, 0x00000000cb280000, 0x00000000eab00000)
  object space 182784K, 53% used [0x00000000c0000000,0x00000000c60471a8,0x00000000cb280000)
 Metaspace       used 55251K, capacity 57334K, committed 57472K, reserved 1099776K
  class space    used 7052K, capacity 7525K, committed 7552K, reserved 1048576K
Event: 1530.028 GC heap after
Heap after GC invocations=20 (full 2):
 PSYoungGen      total 301568K, used 6496K [0x00000000eab00000, 0x0000000100000000, 0x0000000100000000)
  eden space 253952K, 0% used [0x00000000eab00000,0x00000000eab00000,0x00000000fa300000)
  from space 47616K, 13% used [0x00000000fd180000,0x00000000fd7d8000,0x0000000100000000)
  to   space 47616K, 0% used [0x00000000fa300000,0x00000000fa300000,0x00000000fd180000)
 ParOldGen       total 182784K, used 104241K [0x00000000c0000000, 0x00000000cb280000, 0x00000000eab00000)
  object space 182784K, 57% used [0x00000000c0000000,0x00000000c65cc500,0x00000000cb280000)
 Metaspace       used 55251K, capacity 57334K, committed 57472K, reserved 1099776K
  class space    used 7052K, capacity 7525K, committed 7552K, reserved 1048576K
}
Event: 1540.303 GC heap before
{Heap before GC invocations=21 (full 2):
 PSYoungGen      total 301568K, used 163780K [0x00000000eab00000, 0x0000000100000000, 0x0000000100000000)
  eden space 253952K, 61% used [0x00000000eab00000,0x00000000f4499350,0x00000000fa300000)
  from space 47616K, 13% used [0x00000000fd180000,0x00000000fd7d8000,0x0000000100000000)
  to   space 47616K, 0% used [0x00000000fa300000,0x00000000fa300000,0x00000000fd180000)
 ParOldGen       total 182784K, used 104241K [0x00000000c0000000, 0x00000000cb280000, 0x00000000eab00000)
  object space 182784K, 57% used [0x00000000c0000000,0x00000000c65cc500,0x00000000cb280000)
 Metaspace       used 56730K, capacity 58910K, committed 59008K, reserved 1099776K
  class space    used 7271K, capacity 7767K, committed 7808K, reserved 1048576K
Event: 1540.348 GC heap after
Heap after GC invocations=21 (full 2):
 PSYoungGen      total 264704K, used 10442K [0x00000000eab00000, 0x00000000ffd00000, 0x0000000100000000)
  eden space 253952K, 0% used [0x00000000eab00000,0x00000000eab00000,0x00000000fa300000)
  from space 10752K, 97% used [0x00000000fa300000,0x00000000fad32978,0x00000000fad80000)
  to   space 46080K, 0% used [0x00000000fd000000,0x00000000fd000000,0x00000000ffd00000)
 ParOldGen       total 182784K, used 110320K [0x00000000c0000000, 0x00000000cb280000, 0x00000000eab00000)
  object space 182784K, 60% used [0x00000000c0000000,0x00000000c6bbc2a0,0x00000000cb280000)
 Metaspace       used 56730K, capacity 58910K, committed 59008K, reserved 1099776K
  class space    used 7271K, capacity 7767K, committed 7808K, reserved 1048576K
}
Event: 1540.348 GC heap before
{Heap before GC invocations=22 (full 3):
 PSYoungGen      total 264704K, used 10442K [0x00000000eab00000, 0x00000000ffd00000, 0x0000000100000000)
  eden space 253952K, 0% used [0x00000000eab00000,0x00000000eab00000,0x00000000fa300000)
  from space 10752K, 97% used [0x00000000fa300000,0x00000000fad32978,0x00000000fad80000)
  to   space 46080K, 0% used [0x00000000fd000000,0x00000000fd000000,0x00000000ffd00000)
 ParOldGen       total 182784K, used 110320K [0x00000000c0000000, 0x00000000cb280000, 0x00000000eab00000)
  object space 182784K, 60% used [0x00000000c0000000,0x00000000c6bbc2a0,0x00000000cb280000)
 Metaspace       used 56730K, capacity 58910K, committed 59008K, reserved 1099776K
  class space    used 7271K, capacity 7767K, committed 7808K, reserved 1048576K

