# JRE version: OpenJDK Runtime Environment (8.0_171-b11) (build 1.8.0_171-8u171-b11-0ubuntu0.17.10.1-b11)
# Java VM: OpenJDK 64-Bit Server VM (25.171-b11 mixed mode linux-amd64 compressed oops)
Heap:
 PSYoungGen      total 956416K, used 8685K [0x000000076d000000, 0x00000007b1500000, 0x00000007c0000000)
  eden space 947712K, 0% used [0x000000076d000000,0x000000076d000000,0x00000007a6d80000)
  from space 8704K, 99% used [0x00000007a6d80000,0x00000007a75fb760,0x00000007a7600000)
  to   space 6656K, 0% used [0x00000007a7600000,0x00000007a7600000,0x00000007a7c80000)
 ParOldGen       total 94720K, used 17772K [0x00000006c7000000, 0x00000006ccc80000, 0x000000076d000000)
  object space 94720K, 18% used [0x00000006c7000000,0x00000006c815b008,0x00000006ccc80000)
 Metaspace       used 34516K, capacity 34970K, committed 35200K, reserved 1079296K
  class space    used 4228K, capacity 4375K, committed 4480K, reserved 1048576K
GC Heap History (10 events):
Event: 7.149 GC heap after
Heap after GC invocations=9 (full 0):
 PSYoungGen      total 521728K, used 3723K [0x000000076d000000, 0x00000007a0200000, 0x00000007c0000000)
  eden space 515072K, 0% used [0x000000076d000000,0x000000076d000000,0x000000078c700000)
  from space 6656K, 55% used [0x000000078c700000,0x000000078caa2c58,0x000000078cd80000)
  to   space 6656K, 0% used [0x000000079fb80000,0x000000079fb80000,0x00000007a0200000)
 ParOldGen       total 171008K, used 3277K [0x00000006c7000000, 0x00000006d1700000, 0x000000076d000000)
  object space 171008K, 1% used [0x00000006c7000000,0x00000006c73335d0,0x00000006d1700000)
 Metaspace       used 20961K, capacity 21212K, committed 21248K, reserved 1069056K
  class space    used 2483K, capacity 2558K, committed 2560K, reserved 1048576K
}
Event: 7.149 GC heap before
{Heap before GC invocations=10 (full 1):
 PSYoungGen      total 521728K, used 3723K [0x000000076d000000, 0x00000007a0200000, 0x00000007c0000000)
  eden space 515072K, 0% used [0x000000076d000000,0x000000076d000000,0x000000078c700000)
  from space 6656K, 55% used [0x000000078c700000,0x000000078caa2c58,0x000000078cd80000)
  to   space 6656K, 0% used [0x000000079fb80000,0x000000079fb80000,0x00000007a0200000)
 ParOldGen       total 171008K, used 3277K [0x00000006c7000000, 0x00000006d1700000, 0x000000076d000000)
  object space 171008K, 1% used [0x00000006c7000000,0x00000006c73335d0,0x00000006d1700000)
 Metaspace       used 20961K, capacity 21212K, committed 21248K, reserved 1069056K
  class space    used 2483K, capacity 2558K, committed 2560K, reserved 1048576K
Event: 7.217 GC heap after
Heap after GC invocations=10 (full 1):
 PSYoungGen      total 521728K, used 0K [0x000000076d000000, 0x00000007a0200000, 0x00000007c0000000)
  eden space 515072K, 0% used [0x000000076d000000,0x000000076d000000,0x000000078c700000)
  from space 6656K, 0% used [0x000000078c700000,0x000000078c700000,0x000000078cd80000)
  to   space 6656K, 0% used [0x000000079fb80000,0x000000079fb80000,0x00000007a0200000)
 ParOldGen       total 94720K, used 6192K [0x00000006c7000000, 0x00000006ccc80000, 0x000000076d000000)
  object space 94720K, 6% used [0x00000006c7000000,0x00000006c760c038,0x00000006ccc80000)
 Metaspace       used 20961K, capacity 21212K, committed 21248K, reserved 1069056K
  class space    used 2483K, capacity 2558K, committed 2560K, reserved 1048576K
}
Event: 13.029 GC heap before
{Heap before GC invocations=11 (full 1):
 PSYoungGen      total 521728K, used 515072K [0x000000076d000000, 0x00000007a0200000, 0x00000007c0000000)
  eden space 515072K, 100% used [0x000000076d000000,0x000000078c700000,0x000000078c700000)
  from space 6656K, 0% used [0x000000078c700000,0x000000078c700000,0x000000078cd80000)
  to   space 6656K, 0% used [0x000000079fb80000,0x000000079fb80000,0x00000007a0200000)
 ParOldGen       total 94720K, used 6192K [0x00000006c7000000, 0x00000006ccc80000, 0x000000076d000000)
  object space 94720K, 6% used [0x00000006c7000000,0x00000006c760c038,0x00000006ccc80000)
 Metaspace       used 24147K, capacity 24434K, committed 24576K, reserved 1071104K
  class space    used 2909K, capacity 3019K, committed 3072K, reserved 1048576K
Event: 13.053 GC heap after
Heap after GC invocations=11 (full 1):
 PSYoungGen      total 707072K, used 4716K [0x000000076d000000, 0x00000007a0080000, 0x00000007c0000000)
  eden space 701952K, 0% used [0x000000076d000000,0x000000076d000000,0x0000000797d80000)
  from space 5120K, 92% used [0x000000079fb80000,0x00000007a001b130,0x00000007a0080000)
  to   space 6656K, 0% used [0x000000079f380000,0x000000079f380000,0x000000079fa00000)
 ParOldGen       total 94720K, used 6200K [0x00000006c7000000, 0x00000006ccc80000, 0x000000076d000000)
  object space 94720K, 6% used [0x00000006c7000000,0x00000006c760e038,0x00000006ccc80000)
 Metaspace       used 24147K, capacity 24434K, committed 24576K, reserved 1071104K
  class space    used 2909K, capacity 3019K, committed 3072K, reserved 1048576K
}
Event: 14.837 GC heap before
{Heap before GC invocations=12 (full 1):
 PSYoungGen      total 707072K, used 706668K [0x000000076d000000, 0x00000007a0080000, 0x00000007c0000000)
  eden space 701952K, 100% used [0x000000076d000000,0x0000000797d80000,0x0000000797d80000)
  from space 5120K, 92% used [0x000000079fb80000,0x00000007a001b130,0x00000007a0080000)
  to   space 6656K, 0% used [0x000000079f380000,0x000000079f380000,0x000000079fa00000)
 ParOldGen       total 94720K, used 6200K [0x00000006c7000000, 0x00000006ccc80000, 0x000000076d000000)
  object space 94720K, 6% used [0x00000006c7000000,0x00000006c760e038,0x00000006ccc80000)
 Metaspace       used 25486K, capacity 25858K, committed 25984K, reserved 1073152K
  class space    used 3081K, capacity 3187K, committed 3200K, reserved 1048576K
Event: 14.857 GC heap after
Heap after GC invocations=12 (full 1):
 PSYoungGen      total 829440K, used 4385K [0x000000076d000000, 0x00000007a7c80000, 0x00000007c0000000)
  eden space 822784K, 0% used [0x000000076d000000,0x000000076d000000,0x000000079f380000)
  from space 6656K, 65% used [0x000000079f380000,0x000000079f7c84b8,0x000000079fa00000)
  to   space 6656K, 0% used [0x00000007a7600000,0x00000007a7600000,0x00000007a7c80000)
 ParOldGen       total 94720K, used 8340K [0x00000006c7000000, 0x00000006ccc80000, 0x000000076d000000)
  object space 94720K, 8% used [0x00000006c7000000,0x00000006c7825078,0x00000006ccc80000)
 Metaspace       used 25486K, capacity 25858K, committed 25984K, reserved 1073152K
  class space    used 3081K, capacity 3187K, committed 3200K, reserved 1048576K
}
Event: 18.453 GC heap before
{Heap before GC invocations=13 (full 1):
 PSYoungGen      total 829440K, used 827169K [0x000000076d000000, 0x00000007a7c80000, 0x00000007c0000000)
  eden space 822784K, 100% used [0x000000076d000000,0x000000079f380000,0x000000079f380000)
  from space 6656K, 65% used [0x000000079f380000,0x000000079f7c84b8,0x000000079fa00000)
  to   space 6656K, 0% used [0x00000007a7600000,0x00000007a7600000,0x00000007a7c80000)
 ParOldGen       total 94720K, used 8340K [0x00000006c7000000, 0x00000006ccc80000, 0x000000076d000000)
  object space 94720K, 8% used [0x00000006c7000000,0x00000006c7825078,0x00000006ccc80000)
 Metaspace       used 29974K, capacity 30348K, committed 30464K, reserved 1075200K
  class space    used 3669K, capacity 3786K, committed 3840K, reserved 1048576K
Event: 18.484 GC heap after
Heap after GC invocations=13 (full 1):
 PSYoungGen      total 954368K, used 6627K [0x000000076d000000, 0x00000007b1500000, 0x00000007c0000000)
  eden space 947712K, 0% used [0x000000076d000000,0x000000076d000000,0x00000007a6d80000)
  from space 6656K, 99% used [0x00000007a7600000,0x00000007a7c78d10,0x00000007a7c80000)
  to   space 8704K, 0% used [0x00000007a6d80000,0x00000007a6d80000,0x00000007a7600000)
 ParOldGen       total 94720K, used 11812K [0x00000006c7000000, 0x00000006ccc80000, 0x000000076d000000)
  object space 94720K, 12% used [0x00000006c7000000,0x00000006c7b89310,0x00000006ccc80000)
 Metaspace       used 29974K, capacity 30348K, committed 30464K, reserved 1075200K
  class space    used 3669K, capacity 3786K, committed 3840K, reserved 1048576K
}
Event: 84.224 GC heap before
{Heap before GC invocations=14 (full 1):
 PSYoungGen      total 954368K, used 954339K [0x000000076d000000, 0x00000007b1500000, 0x00000007c0000000)
  eden space 947712K, 100% used [0x000000076d000000,0x00000007a6d80000,0x00000007a6d80000)
  from space 6656K, 99% used [0x00000007a7600000,0x00000007a7c78d10,0x00000007a7c80000)
  to   space 8704K, 0% used [0x00000007a6d80000,0x00000007a6d80000,0x00000007a7600000)
 ParOldGen       total 94720K, used 11812K [0x00000006c7000000, 0x00000006ccc80000, 0x000000076d000000)
  object space 94720K, 12% used [0x00000006c7000000,0x00000006c7b89310,0x00000006ccc80000)
 Metaspace       used 34516K, capacity 34970K, committed 35200K, reserved 1079296K
  class space    used 4228K, capacity 4375K, committed 4480K, reserved 1048576K

