# JRE version: OpenJDK Runtime Environment (8.0_171-b11) (build 1.8.0_171-8u171-b11-0ubuntu0.17.10.1-b11)
# Java VM: OpenJDK 64-Bit Server VM (25.171-b11 mixed mode linux-amd64 compressed oops)
Heap:
 PSYoungGen      total 830976K, used 7136K [0x000000076d000000, 0x00000007a1f80000, 0x00000007c0000000)
  eden space 823808K, 0% used [0x000000076d000000,0x000000076d000000,0x000000079f480000)
  from space 7168K, 99% used [0x00000007a1880000,0x00000007a1f78030,0x00000007a1f80000)
  to   space 6656K, 0% used [0x000000079f480000,0x000000079f480000,0x000000079fb00000)
 ParOldGen       total 100352K, used 10931K [0x00000006c7000000, 0x00000006cd200000, 0x000000076d000000)
  object space 100352K, 10% used [0x00000006c7000000,0x00000006c7aacff0,0x00000006cd200000)
 Metaspace       used 30057K, capacity 30479K, committed 30768K, reserved 1077248K
  class space    used 3680K, capacity 3786K, committed 3888K, reserved 1048576K
GC Heap History (10 events):
Event: 5.736 GC heap after
Heap after GC invocations=8 (full 0):
 PSYoungGen      total 521728K, used 5589K [0x000000076d000000, 0x000000078d500000, 0x00000007c0000000)
  eden space 515584K, 0% used [0x000000076d000000,0x000000076d000000,0x000000078c780000)
  from space 6144K, 90% used [0x000000078ce00000,0x000000078d375630,0x000000078d400000)
  to   space 6656K, 0% used [0x000000078c780000,0x000000078c780000,0x000000078ce00000)
 ParOldGen       total 171008K, used 3025K [0x00000006c7000000, 0x00000006d1700000, 0x000000076d000000)
  object space 171008K, 1% used [0x00000006c7000000,0x00000006c72f4480,0x00000006d1700000)
 Metaspace       used 19755K, capacity 20006K, committed 20096K, reserved 1067008K
  class space    used 2350K, capacity 2419K, committed 2432K, reserved 1048576K
}
Event: 6.286 GC heap before
{Heap before GC invocations=9 (full 0):
 PSYoungGen      total 521728K, used 138791K [0x000000076d000000, 0x000000078d500000, 0x00000007c0000000)
  eden space 515584K, 25% used [0x000000076d000000,0x00000007752147c0,0x000000078c780000)
  from space 6144K, 90% used [0x000000078ce00000,0x000000078d375630,0x000000078d400000)
  to   space 6656K, 0% used [0x000000078c780000,0x000000078c780000,0x000000078ce00000)
 ParOldGen       total 171008K, used 3025K [0x00000006c7000000, 0x00000006d1700000, 0x000000076d000000)
  object space 171008K, 1% used [0x00000006c7000000,0x00000006c72f4480,0x00000006d1700000)
 Metaspace       used 21024K, capacity 21261K, committed 21296K, reserved 1069056K
  class space    used 2495K, capacity 2581K, committed 2608K, reserved 1048576K
Event: 6.305 GC heap after
Heap after GC invocations=9 (full 0):
 PSYoungGen      total 522240K, used 3552K [0x000000076d000000, 0x00000007a0300000, 0x00000007c0000000)
  eden space 515584K, 0% used [0x000000076d000000,0x000000076d000000,0x000000078c780000)
  from space 6656K, 53% used [0x000000078c780000,0x000000078caf8030,0x000000078ce00000)
  to   space 6656K, 0% used [0x000000079fc80000,0x000000079fc80000,0x00000007a0300000)
 ParOldGen       total 171008K, used 3497K [0x00000006c7000000, 0x00000006d1700000, 0x000000076d000000)
  object space 171008K, 2% used [0x00000006c7000000,0x00000006c736a480,0x00000006d1700000)
 Metaspace       used 21024K, capacity 21261K, committed 21296K, reserved 1069056K
  class space    used 2495K, capacity 2581K, committed 2608K, reserved 1048576K
}
Event: 6.305 GC heap before
{Heap before GC invocations=10 (full 1):
 PSYoungGen      total 522240K, used 3552K [0x000000076d000000, 0x00000007a0300000, 0x00000007c0000000)
  eden space 515584K, 0% used [0x000000076d000000,0x000000076d000000,0x000000078c780000)
  from space 6656K, 53% used [0x000000078c780000,0x000000078caf8030,0x000000078ce00000)
  to   space 6656K, 0% used [0x000000079fc80000,0x000000079fc80000,0x00000007a0300000)
 ParOldGen       total 171008K, used 3497K [0x00000006c7000000, 0x00000006d1700000, 0x000000076d000000)
  object space 171008K, 2% used [0x00000006c7000000,0x00000006c736a480,0x00000006d1700000)
 Metaspace       used 21024K, capacity 21261K, committed 21296K, reserved 1069056K
  class space    used 2495K, capacity 2581K, committed 2608K, reserved 1048576K
Event: 6.443 GC heap after
Heap after GC invocations=10 (full 1):
 PSYoungGen      total 522240K, used 0K [0x000000076d000000, 0x00000007a0300000, 0x00000007c0000000)
  eden space 515584K, 0% used [0x000000076d000000,0x000000076d000000,0x000000078c780000)
  from space 6656K, 0% used [0x000000078c780000,0x000000078c780000,0x000000078ce00000)
  to   space 6656K, 0% used [0x000000079fc80000,0x000000079fc80000,0x00000007a0300000)
 ParOldGen       total 100352K, used 6017K [0x00000006c7000000, 0x00000006cd200000, 0x000000076d000000)
  object space 100352K, 5% used [0x00000006c7000000,0x00000006c75e04b0,0x00000006cd200000)
 Metaspace       used 21024K, capacity 21261K, committed 21296K, reserved 1069056K
  class space    used 2495K, capacity 2581K, committed 2608K, reserved 1048576K
}
Event: 9.009 GC heap before
{Heap before GC invocations=11 (full 1):
 PSYoungGen      total 522240K, used 515584K [0x000000076d000000, 0x00000007a0300000, 0x00000007c0000000)
  eden space 515584K, 100% used [0x000000076d000000,0x000000078c780000,0x000000078c780000)
  from space 6656K, 0% used [0x000000078c780000,0x000000078c780000,0x000000078ce00000)
  to   space 6656K, 0% used [0x000000079fc80000,0x000000079fc80000,0x00000007a0300000)
 ParOldGen       total 100352K, used 6017K [0x00000006c7000000, 0x00000006cd200000, 0x000000076d000000)
  object space 100352K, 5% used [0x00000006c7000000,0x00000006c75e04b0,0x00000006cd200000)
 Metaspace       used 24197K, capacity 24501K, committed 24880K, reserved 1071104K
  class space    used 2913K, capacity 3019K, committed 3120K, reserved 1048576K
Event: 9.022 GC heap after
Heap after GC invocations=11 (full 1):
 PSYoungGen      total 679424K, used 4790K [0x000000076d000000, 0x00000007a0180000, 0x00000007c0000000)
  eden space 674304K, 0% used [0x000000076d000000,0x000000076d000000,0x0000000796280000)
  from space 5120K, 93% used [0x000000079fc80000,0x00000007a012d8c8,0x00000007a0180000)
  to   space 6656K, 0% used [0x000000079f480000,0x000000079f480000,0x000000079fb00000)
 ParOldGen       total 100352K, used 6025K [0x00000006c7000000, 0x00000006cd200000, 0x000000076d000000)
  object space 100352K, 6% used [0x00000006c7000000,0x00000006c75e24b0,0x00000006cd200000)
 Metaspace       used 24197K, capacity 24501K, committed 24880K, reserved 1071104K
  class space    used 2913K, capacity 3019K, committed 3120K, reserved 1048576K
}
Event: 35.573 GC heap before
{Heap before GC invocations=12 (full 1):
 PSYoungGen      total 679424K, used 679094K [0x000000076d000000, 0x00000007a0180000, 0x00000007c0000000)
  eden space 674304K, 100% used [0x000000076d000000,0x0000000796280000,0x0000000796280000)
  from space 5120K, 93% used [0x000000079fc80000,0x00000007a012d8c8,0x00000007a0180000)
  to   space 6656K, 0% used [0x000000079f480000,0x000000079f480000,0x000000079fb00000)
 ParOldGen       total 100352K, used 6025K [0x00000006c7000000, 0x00000006cd200000, 0x000000076d000000)
  object space 100352K, 6% used [0x00000006c7000000,0x00000006c75e24b0,0x00000006cd200000)
 Metaspace       used 25482K, capacity 25861K, committed 26032K, reserved 1073152K
  class space    used 3079K, capacity 3187K, committed 3248K, reserved 1048576K
Event: 35.588 GC heap after
Heap after GC invocations=12 (full 1):
 PSYoungGen      total 830464K, used 6359K [0x000000076d000000, 0x00000007a1f80000, 0x00000007c0000000)
  eden space 823808K, 0% used [0x000000076d000000,0x000000076d000000,0x000000079f480000)
  from space 6656K, 95% used [0x000000079f480000,0x000000079fab5f88,0x000000079fb00000)
  to   space 7168K, 0% used [0x00000007a1880000,0x00000007a1880000,0x00000007a1f80000)
 ParOldGen       total 100352K, used 6033K [0x00000006c7000000, 0x00000006cd200000, 0x000000076d000000)
  object space 100352K, 6% used [0x00000006c7000000,0x00000006c75e44b0,0x00000006cd200000)
 Metaspace       used 25482K, capacity 25861K, committed 26032K, reserved 1073152K
  class space    used 3079K, capacity 3187K, committed 3248K, reserved 1048576K
}
Event: 39.057 GC heap before
{Heap before GC invocations=13 (full 1):
 PSYoungGen      total 830464K, used 830167K [0x000000076d000000, 0x00000007a1f80000, 0x00000007c0000000)
  eden space 823808K, 100% used [0x000000076d000000,0x000000079f480000,0x000000079f480000)
  from space 6656K, 95% used [0x000000079f480000,0x000000079fab5f88,0x000000079fb00000)
  to   space 7168K, 0% used [0x00000007a1880000,0x00000007a1880000,0x00000007a1f80000)
 ParOldGen       total 100352K, used 6033K [0x00000006c7000000, 0x00000006cd200000, 0x000000076d000000)
  object space 100352K, 6% used [0x00000006c7000000,0x00000006c75e44b0,0x00000006cd200000)
 Metaspace       used 30057K, capacity 30479K, committed 30768K, reserved 1077248K
  class space    used 3680K, capacity 3786K, committed 3888K, reserved 1048576K

