# JRE version: OpenJDK Runtime Environment (8.0_171-b11) (build 1.8.0_171-8u171-b11-0ubuntu0.17.10.1-b11)
# Java VM: OpenJDK 64-Bit Server VM (25.171-b11 mixed mode linux-amd64 compressed oops)
Heap:
 PSYoungGen      total 736768K, used 4663K [0x000000076d000000, 0x00000007a0180000, 0x00000007c0000000)
  eden space 730112K, 0% used [0x000000076d000000,0x000000076d000000,0x0000000799900000)
  from space 6656K, 70% used [0x000000079f480000,0x000000079f90dc10,0x000000079fb00000)
  to   space 5120K, 0% used [0x000000079fc80000,0x000000079fc80000,0x00000007a0180000)
 ParOldGen       total 89600K, used 8010K [0x00000006c7000000, 0x00000006cc780000, 0x000000076d000000)
  object space 89600K, 8% used [0x00000006c7000000,0x00000006c77d2858,0x00000006cc780000)
 Metaspace       used 25666K, capacity 25975K, committed 26288K, reserved 1073152K
  class space    used 3110K, capacity 3222K, committed 3248K, reserved 1048576K
GC Heap History (10 events):
Event: 4.930 GC heap after
Heap after GC invocations=7 (full 0):
 PSYoungGen      total 262144K, used 4086K [0x000000076d000000, 0x000000078d400000, 0x00000007c0000000)
  eden space 258048K, 0% used [0x000000076d000000,0x000000076d000000,0x000000077cc00000)
  from space 4096K, 99% used [0x000000077cc00000,0x000000077cffd970,0x000000077d000000)
  to   space 6144K, 0% used [0x000000078ce00000,0x000000078ce00000,0x000000078d400000)
 ParOldGen       total 171008K, used 2877K [0x00000006c7000000, 0x00000006d1700000, 0x000000076d000000)
  object space 171008K, 1% used [0x00000006c7000000,0x00000006c72cf7c8,0x00000006d1700000)
 Metaspace       used 14654K, capacity 14844K, committed 14848K, reserved 1062912K
  class space    used 1734K, capacity 1788K, committed 1792K, reserved 1048576K
}
Event: 6.366 GC heap before
{Heap before GC invocations=8 (full 0):
 PSYoungGen      total 262144K, used 262134K [0x000000076d000000, 0x000000078d400000, 0x00000007c0000000)
  eden space 258048K, 100% used [0x000000076d000000,0x000000077cc00000,0x000000077cc00000)
  from space 4096K, 99% used [0x000000077cc00000,0x000000077cffd970,0x000000077d000000)
  to   space 6144K, 0% used [0x000000078ce00000,0x000000078ce00000,0x000000078d400000)
 ParOldGen       total 171008K, used 2877K [0x00000006c7000000, 0x00000006d1700000, 0x000000076d000000)
  object space 171008K, 1% used [0x00000006c7000000,0x00000006c72cf7c8,0x00000006d1700000)
 Metaspace       used 19642K, capacity 19878K, committed 20096K, reserved 1067008K
  class space    used 2334K, capacity 2419K, committed 2432K, reserved 1048576K
Event: 6.401 GC heap after
Heap after GC invocations=8 (full 0):
 PSYoungGen      total 521728K, used 5452K [0x000000076d000000, 0x000000078d500000, 0x00000007c0000000)
  eden space 515584K, 0% used [0x000000076d000000,0x000000076d000000,0x000000078c780000)
  from space 6144K, 88% used [0x000000078ce00000,0x000000078d353328,0x000000078d400000)
  to   space 6656K, 0% used [0x000000078c780000,0x000000078c780000,0x000000078ce00000)
 ParOldGen       total 171008K, used 3213K [0x00000006c7000000, 0x00000006d1700000, 0x000000076d000000)
  object space 171008K, 1% used [0x00000006c7000000,0x00000006c73237c8,0x00000006d1700000)
 Metaspace       used 19642K, capacity 19878K, committed 20096K, reserved 1067008K
  class space    used 2334K, capacity 2419K, committed 2432K, reserved 1048576K
}
Event: 6.887 GC heap before
{Heap before GC invocations=9 (full 0):
 PSYoungGen      total 521728K, used 135232K [0x000000076d000000, 0x000000078d500000, 0x00000007c0000000)
  eden space 515584K, 25% used [0x000000076d000000,0x0000000774ebd0d0,0x000000078c780000)
  from space 6144K, 88% used [0x000000078ce00000,0x000000078d353328,0x000000078d400000)
  to   space 6656K, 0% used [0x000000078c780000,0x000000078c780000,0x000000078ce00000)
 ParOldGen       total 171008K, used 3213K [0x00000006c7000000, 0x00000006d1700000, 0x000000076d000000)
  object space 171008K, 1% used [0x00000006c7000000,0x00000006c73237c8,0x00000006d1700000)
 Metaspace       used 21006K, capacity 21261K, committed 21296K, reserved 1069056K
  class space    used 2495K, capacity 2581K, committed 2608K, reserved 1048576K
Event: 6.919 GC heap after
Heap after GC invocations=9 (full 0):
 PSYoungGen      total 522240K, used 3520K [0x000000076d000000, 0x00000007a0300000, 0x00000007c0000000)
  eden space 515584K, 0% used [0x000000076d000000,0x000000076d000000,0x000000078c780000)
  from space 6656K, 52% used [0x000000078c780000,0x000000078caf0030,0x000000078ce00000)
  to   space 6656K, 0% used [0x000000079fc80000,0x000000079fc80000,0x00000007a0300000)
 ParOldGen       total 171008K, used 3677K [0x00000006c7000000, 0x00000006d1700000, 0x000000076d000000)
  object space 171008K, 2% used [0x00000006c7000000,0x00000006c73977c8,0x00000006d1700000)
 Metaspace       used 21006K, capacity 21261K, committed 21296K, reserved 1069056K
  class space    used 2495K, capacity 2581K, committed 2608K, reserved 1048576K
}
Event: 6.919 GC heap before
{Heap before GC invocations=10 (full 1):
 PSYoungGen      total 522240K, used 3520K [0x000000076d000000, 0x00000007a0300000, 0x00000007c0000000)
  eden space 515584K, 0% used [0x000000076d000000,0x000000076d000000,0x000000078c780000)
  from space 6656K, 52% used [0x000000078c780000,0x000000078caf0030,0x000000078ce00000)
  to   space 6656K, 0% used [0x000000079fc80000,0x000000079fc80000,0x00000007a0300000)
 ParOldGen       total 171008K, used 3677K [0x00000006c7000000, 0x00000006d1700000, 0x000000076d000000)
  object space 171008K, 2% used [0x00000006c7000000,0x00000006c73977c8,0x00000006d1700000)
 Metaspace       used 21006K, capacity 21261K, committed 21296K, reserved 1069056K
  class space    used 2495K, capacity 2581K, committed 2608K, reserved 1048576K
Event: 6.995 GC heap after
Heap after GC invocations=10 (full 1):
 PSYoungGen      total 522240K, used 0K [0x000000076d000000, 0x00000007a0300000, 0x00000007c0000000)
  eden space 515584K, 0% used [0x000000076d000000,0x000000076d000000,0x000000078c780000)
  from space 6656K, 0% used [0x000000078c780000,0x000000078c780000,0x000000078ce00000)
  to   space 6656K, 0% used [0x000000079fc80000,0x000000079fc80000,0x00000007a0300000)
 ParOldGen       total 89600K, used 6046K [0x00000006c7000000, 0x00000006cc780000, 0x000000076d000000)
  object space 89600K, 6% used [0x00000006c7000000,0x00000006c75e7828,0x00000006cc780000)
 Metaspace       used 21006K, capacity 21261K, committed 21296K, reserved 1069056K
  class space    used 2495K, capacity 2581K, committed 2608K, reserved 1048576K
}
Event: 9.442 GC heap before
{Heap before GC invocations=11 (full 1):
 PSYoungGen      total 522240K, used 515584K [0x000000076d000000, 0x00000007a0300000, 0x00000007c0000000)
  eden space 515584K, 100% used [0x000000076d000000,0x000000078c780000,0x000000078c780000)
  from space 6656K, 0% used [0x000000078c780000,0x000000078c780000,0x000000078ce00000)
  to   space 6656K, 0% used [0x000000079fc80000,0x000000079fc80000,0x00000007a0300000)
 ParOldGen       total 89600K, used 6046K [0x00000006c7000000, 0x00000006cc780000, 0x000000076d000000)
  object space 89600K, 6% used [0x00000006c7000000,0x00000006c75e7828,0x00000006cc780000)
 Metaspace       used 24217K, capacity 24583K, committed 24880K, reserved 1071104K
  class space    used 2918K, capacity 3022K, committed 3120K, reserved 1048576K
Event: 9.459 GC heap after
Heap after GC invocations=11 (full 1):
 PSYoungGen      total 735232K, used 4629K [0x000000076d000000, 0x00000007a0180000, 0x00000007c0000000)
  eden space 730112K, 0% used [0x000000076d000000,0x000000076d000000,0x0000000799900000)
  from space 5120K, 90% used [0x000000079fc80000,0x00000007a0105710,0x00000007a0180000)
  to   space 6656K, 0% used [0x000000079f480000,0x000000079f480000,0x000000079fb00000)
 ParOldGen       total 89600K, used 6054K [0x00000006c7000000, 0x00000006cc780000, 0x000000076d000000)
  object space 89600K, 6% used [0x00000006c7000000,0x00000006c75e9828,0x00000006cc780000)
 Metaspace       used 24217K, capacity 24583K, committed 24880K, reserved 1071104K
  class space    used 2918K, capacity 3022K, committed 3120K, reserved 1048576K
}
Event: 14.274 GC heap before
{Heap before GC invocations=12 (full 1):
 PSYoungGen      total 735232K, used 734741K [0x000000076d000000, 0x00000007a0180000, 0x00000007c0000000)
  eden space 730112K, 100% used [0x000000076d000000,0x0000000799900000,0x0000000799900000)
  from space 5120K, 90% used [0x000000079fc80000,0x00000007a0105710,0x00000007a0180000)
  to   space 6656K, 0% used [0x000000079f480000,0x000000079f480000,0x000000079fb00000)
 ParOldGen       total 89600K, used 6054K [0x00000006c7000000, 0x00000006cc780000, 0x000000076d000000)
  object space 89600K, 6% used [0x00000006c7000000,0x00000006c75e9828,0x00000006cc780000)
 Metaspace       used 25666K, capacity 25975K, committed 26288K, reserved 1073152K
  class space    used 3110K, capacity 3222K, committed 3248K, reserved 1048576K

