# JRE version: OpenJDK Runtime Environment (8.0_171-b11) (build 1.8.0_171-8u171-b11-0ubuntu0.17.10.1-b11)
# Java VM: OpenJDK 64-Bit Server VM (25.171-b11 mixed mode linux-amd64 compressed oops)
Heap:
 PSYoungGen      total 562176K, used 2890K [0x000000076d000000, 0x0000000790000000, 0x00000007c0000000)
  eden space 557056K, 0% used [0x000000076d000000,0x000000076d000000,0x000000078f000000)
  from space 5120K, 56% used [0x000000078f000000,0x000000078f2d2ba0,0x000000078f500000)
  to   space 5632K, 0% used [0x000000078f500000,0x000000078f500000,0x000000078fa80000)
 ParOldGen       total 97280K, used 10525K [0x00000006c7000000, 0x00000006ccf00000, 0x000000076d000000)
  object space 97280K, 10% used [0x00000006c7000000,0x00000006c7a47608,0x00000006ccf00000)
 Metaspace       used 25649K, capacity 26001K, committed 26288K, reserved 1073152K
  class space    used 3100K, capacity 3189K, committed 3248K, reserved 1048576K
GC Heap History (10 events):
Event: 6.213 GC heap after
Heap after GC invocations=9 (full 0):
 PSYoungGen      total 261632K, used 3582K [0x000000076d000000, 0x0000000786d80000, 0x00000007c0000000)
  eden space 258048K, 0% used [0x000000076d000000,0x000000076d000000,0x000000077cc00000)
  from space 3584K, 99% used [0x000000077cc00000,0x000000077cf7f938,0x000000077cf80000)
  to   space 5120K, 0% used [0x0000000786880000,0x0000000786880000,0x0000000786d80000)
 ParOldGen       total 171008K, used 4289K [0x00000006c7000000, 0x00000006d1700000, 0x000000076d000000)
  object space 171008K, 2% used [0x00000006c7000000,0x00000006c7430790,0x00000006d1700000)
 Metaspace       used 16892K, capacity 17084K, committed 17152K, reserved 1064960K
  class space    used 2008K, capacity 2044K, committed 2048K, reserved 1048576K
}
Event: 7.624 GC heap before
{Heap before GC invocations=10 (full 0):
 PSYoungGen      total 261632K, used 259149K [0x000000076d000000, 0x0000000786d80000, 0x00000007c0000000)
  eden space 258048K, 99% used [0x000000076d000000,0x000000077c993e88,0x000000077cc00000)
  from space 3584K, 99% used [0x000000077cc00000,0x000000077cf7f938,0x000000077cf80000)
  to   space 5120K, 0% used [0x0000000786880000,0x0000000786880000,0x0000000786d80000)
 ParOldGen       total 171008K, used 4289K [0x00000006c7000000, 0x00000006d1700000, 0x000000076d000000)
  object space 171008K, 2% used [0x00000006c7000000,0x00000006c7430790,0x00000006d1700000)
 Metaspace       used 21009K, capacity 21261K, committed 21296K, reserved 1069056K
  class space    used 2496K, capacity 2581K, committed 2608K, reserved 1048576K
Event: 7.637 GC heap after
Heap after GC invocations=10 (full 0):
 PSYoungGen      total 417792K, used 4481K [0x000000076d000000, 0x0000000786e80000, 0x00000007c0000000)
  eden space 412672K, 0% used [0x000000076d000000,0x000000076d000000,0x0000000786300000)
  from space 5120K, 87% used [0x0000000786880000,0x0000000786ce06b8,0x0000000786d80000)
  to   space 5632K, 0% used [0x0000000786300000,0x0000000786300000,0x0000000786880000)
 ParOldGen       total 171008K, used 4889K [0x00000006c7000000, 0x00000006d1700000, 0x000000076d000000)
  object space 171008K, 2% used [0x00000006c7000000,0x00000006c74c6790,0x00000006d1700000)
 Metaspace       used 21009K, capacity 21261K, committed 21296K, reserved 1069056K
  class space    used 2496K, capacity 2581K, committed 2608K, reserved 1048576K
}
Event: 7.637 GC heap before
{Heap before GC invocations=11 (full 1):
 PSYoungGen      total 417792K, used 4481K [0x000000076d000000, 0x0000000786e80000, 0x00000007c0000000)
  eden space 412672K, 0% used [0x000000076d000000,0x000000076d000000,0x0000000786300000)
  from space 5120K, 87% used [0x0000000786880000,0x0000000786ce06b8,0x0000000786d80000)
  to   space 5632K, 0% used [0x0000000786300000,0x0000000786300000,0x0000000786880000)
 ParOldGen       total 171008K, used 4889K [0x00000006c7000000, 0x00000006d1700000, 0x000000076d000000)
  object space 171008K, 2% used [0x00000006c7000000,0x00000006c74c6790,0x00000006d1700000)
 Metaspace       used 21009K, capacity 21261K, committed 21296K, reserved 1069056K
  class space    used 2496K, capacity 2581K, committed 2608K, reserved 1048576K
Event: 7.707 GC heap after
Heap after GC invocations=11 (full 1):
 PSYoungGen      total 417792K, used 0K [0x000000076d000000, 0x0000000786e80000, 0x00000007c0000000)
  eden space 412672K, 0% used [0x000000076d000000,0x000000076d000000,0x0000000786300000)
  from space 5120K, 0% used [0x0000000786880000,0x0000000786880000,0x0000000786d80000)
  to   space 5632K, 0% used [0x0000000786300000,0x0000000786300000,0x0000000786880000)
 ParOldGen       total 97280K, used 7205K [0x00000006c7000000, 0x00000006ccf00000, 0x000000076d000000)
  object space 97280K, 7% used [0x00000006c7000000,0x00000006c77095b8,0x00000006ccf00000)
 Metaspace       used 21009K, capacity 21261K, committed 21296K, reserved 1069056K
  class space    used 2496K, capacity 2581K, committed 2608K, reserved 1048576K
}
Event: 12.874 GC heap before
{Heap before GC invocations=12 (full 1):
 PSYoungGen      total 417792K, used 412672K [0x000000076d000000, 0x0000000786e80000, 0x00000007c0000000)
  eden space 412672K, 100% used [0x000000076d000000,0x0000000786300000,0x0000000786300000)
  from space 5120K, 0% used [0x0000000786880000,0x0000000786880000,0x0000000786d80000)
  to   space 5632K, 0% used [0x0000000786300000,0x0000000786300000,0x0000000786880000)
 ParOldGen       total 97280K, used 7205K [0x00000006c7000000, 0x00000006ccf00000, 0x000000076d000000)
  object space 97280K, 7% used [0x00000006c7000000,0x00000006c77095b8,0x00000006ccf00000)
 Metaspace       used 23857K, capacity 24137K, committed 24240K, reserved 1071104K
  class space    used 2867K, capacity 2985K, committed 2992K, reserved 1048576K
Event: 12.890 GC heap after
Heap after GC invocations=12 (full 1):
 PSYoungGen      total 418304K, used 3596K [0x000000076d000000, 0x000000078fa80000, 0x00000007c0000000)
  eden space 412672K, 0% used [0x000000076d000000,0x000000076d000000,0x0000000786300000)
  from space 5632K, 63% used [0x0000000786300000,0x00000007866830b0,0x0000000786880000)
  to   space 5632K, 0% used [0x000000078f500000,0x000000078f500000,0x000000078fa80000)
 ParOldGen       total 97280K, used 7213K [0x00000006c7000000, 0x00000006ccf00000, 0x000000076d000000)
  object space 97280K, 7% used [0x00000006c7000000,0x00000006c770b5b8,0x00000006ccf00000)
 Metaspace       used 23857K, capacity 24137K, committed 24240K, reserved 1071104K
  class space    used 2867K, capacity 2985K, committed 2992K, reserved 1048576K
}
Event: 14.108 GC heap before
{Heap before GC invocations=13 (full 1):
 PSYoungGen      total 418304K, used 416268K [0x000000076d000000, 0x000000078fa80000, 0x00000007c0000000)
  eden space 412672K, 100% used [0x000000076d000000,0x0000000786300000,0x0000000786300000)
  from space 5632K, 63% used [0x0000000786300000,0x00000007866830b0,0x0000000786880000)
  to   space 5632K, 0% used [0x000000078f500000,0x000000078f500000,0x000000078fa80000)
 ParOldGen       total 97280K, used 7213K [0x00000006c7000000, 0x00000006ccf00000, 0x000000076d000000)
  object space 97280K, 7% used [0x00000006c7000000,0x00000006c770b5b8,0x00000006ccf00000)
 Metaspace       used 24743K, capacity 25031K, committed 25136K, reserved 1071104K
  class space    used 2978K, capacity 3086K, committed 3120K, reserved 1048576K
Event: 14.131 GC heap after
Heap after GC invocations=13 (full 1):
 PSYoungGen      total 562688K, used 3496K [0x000000076d000000, 0x0000000790000000, 0x00000007c0000000)
  eden space 557056K, 0% used [0x000000076d000000,0x000000076d000000,0x000000078f000000)
  from space 5632K, 62% used [0x000000078f500000,0x000000078f86a2b0,0x000000078fa80000)
  to   space 5120K, 0% used [0x000000078f000000,0x000000078f000000,0x000000078f500000)
 ParOldGen       total 97280K, used 8645K [0x00000006c7000000, 0x00000006ccf00000, 0x000000076d000000)
  object space 97280K, 8% used [0x00000006c7000000,0x00000006c78715d8,0x00000006ccf00000)
 Metaspace       used 24743K, capacity 25031K, committed 25136K, reserved 1071104K
  class space    used 2978K, capacity 3086K, committed 3120K, reserved 1048576K
}
Event: 16.187 GC heap before
{Heap before GC invocations=14 (full 1):
 PSYoungGen      total 562688K, used 560552K [0x000000076d000000, 0x0000000790000000, 0x00000007c0000000)
  eden space 557056K, 100% used [0x000000076d000000,0x000000078f000000,0x000000078f000000)
  from space 5632K, 62% used [0x000000078f500000,0x000000078f86a2b0,0x000000078fa80000)
  to   space 5120K, 0% used [0x000000078f000000,0x000000078f000000,0x000000078f500000)
 ParOldGen       total 97280K, used 8645K [0x00000006c7000000, 0x00000006ccf00000, 0x000000076d000000)
  object space 97280K, 8% used [0x00000006c7000000,0x00000006c78715d8,0x00000006ccf00000)
 Metaspace       used 25649K, capacity 26001K, committed 26288K, reserved 1073152K
  class space    used 3100K, capacity 3189K, committed 3248K, reserved 1048576K

